Start testing: Nov 02 10:42 IST
----------------------------------------------------------
3/3 Testing: qa_square_ff
3/3 Test: qa_square_ff
Command: "/bin/sh" "/home/harshvardhan/Desktop/commLab/gr-tutorial/build/python/qa_square_ff_test.sh"
Directory: /home/harshvardhan/Desktop/commLab/gr-tutorial/build/python
"qa_square_ff" start time: Nov 02 10:42 IST
Output:
----------------------------------------------------------
F
======================================================================
FAIL: test_001_t (__main__.qa_square_ff)
----------------------------------------------------------------------
Traceback (most recent call last):
  File "/home/harshvardhan/Desktop/commLab/gr-tutorial/python/qa_square_ff.py", line 46, in test_001_t
    self.assertFloatTuplesAlmostEqual(expected_result, result_data, 6)
  File "/usr/lib/python2.7/dist-packages/gnuradio/gr_unittest.py", line 90, in assertFloatTuplesAlmostEqual
    self.assertAlmostEqual (a[i], b[i], places, msg)
AssertionError: -3 != 9.0 within 6 places

input is (-3, 4, -5, 2, 3)
output is (9.0, 16.0, 25.0, 4.0, 9.0)
input is (-3, 4, -5, 2, 3)
output is (9.0, 16.0, 25.0, 4.0, 9.0)
----------------------------------------------------------------------
Ran 1 test in 0.001s

FAILED (failures=1)
<end of output>
Test time =   0.21 sec
----------------------------------------------------------
Test Failed.
"qa_square_ff" end time: Nov 02 10:42 IST
"qa_square_ff" time elapsed: 00:00:00
----------------------------------------------------------

End testing: Nov 02 10:42 IST
